<?xml version="1.0" encoding="UTF-8" ?>
<testsuites errors="0"
            failures="1"
            tests="1">

  <testsuite name="form.test"
    errors="0" failures="1" hostname="" id="" package="form.test" skipped="0"
    tests="1" time="1.500" timestamp="">
  
    <testcase name="Form test" classname="form.test" time="1.500" assertions="2">

      <failure message="Testing if the URL contains &#34;username=nightwatch&amp;password=nightwatch&#34; in 1000 ms. - expected [0;32m&#34;username=nightwatch&amp;password=nightwatch&#34;[0m but got: [0;31m&#34;http://localhost:3000/src/form.html&#34;[0m">    at Object.Form test (C:\Users\nguye\OneDrive\Desktop\gulp-project\e2e-tests\form.test.js:9:15)
    at process._tickCallback (internal/process/next_tick.js:68:7)</failure>

    <failure message="    at Object.Form test (C:\Users\nguye\OneDrive\Desktop\gulp-project\e2e-tests\form.test.js:9:15)">    at process._tickCallback (internal/process/next_tick.js:68:7)</failure>
    </testcase>
  

  

  
  </testsuite>
</testsuites>
