<?xml version="1.0" encoding="UTF-8" ?>
<testsuites errors="0"
            failures="1"
            tests="1">

  <testsuite name="index.test"
    errors="0" failures="1" hostname="" id="" package="index.test" skipped="0"
    tests="1" time="1.491" timestamp="">
  
    <testcase name="Index test" classname="index.test" time="1.491" assertions="2">

      <failure message="Testing if element &lt;h1&gt; contains text: &#34;Hello Nightwatch Test&#34; in 1000 ms. - expected [0;32m&#34;Hello Nightwatch Test&#34;[0m but got: [0;31m&#34;Hello&#34;[0m">    at Object.Index test (C:\Users\nguye\OneDrive\Desktop\gulp-project\e2e-tests\index.test.js:6:15)
    at process._tickCallback (internal/process/next_tick.js:68:7)</failure>

    <failure message="    at Object.Index test (C:\Users\nguye\OneDrive\Desktop\gulp-project\e2e-tests\index.test.js:6:15)">    at process._tickCallback (internal/process/next_tick.js:68:7)</failure>
    </testcase>
  

  

  
  </testsuite>
</testsuites>
